app/build/outputs/logs/manifest-merger-debug-report.txt
-- Merging decision tree log ---
manifest
ADDED from src/main/AndroidManifest.xml:2:1-49:12
	xmlns:android
		ADDED from src/main/AndroidManifest.xml:3:11-69
	package
		ADDED from src/main/AndroidManifest.xml:2:11-43
		INJECTED from src/main/AndroidManifest.xml
		INJECTED from src/main/AndroidManifest.xml
	android:versionName
		ADDED from src/main/AndroidManifest.xml:5:11-36
		INJECTED from src/main/AndroidManifest.xml
		INJECTED from src/main/AndroidManifest.xml
	android:versionCode
		ADDED from src/main/AndroidManifest.xml:4:11-34
		INJECTED from src/main/AndroidManifest.xml
		INJECTED from src/main/AndroidManifest.xml
uses-sdk
ADDED from src/main/AndroidManifest.xml:7:5-42
MERGED from [com.android.support:appcompat-v7:19.1.0] AndroidManifest.xml:18:5-42
MERGED from [com.android.support:support-v4:22.2.0] AndroidManifest.xml:20:5-43
MERGED from [com.android.support:recyclerview-v7:22.2.0] AndroidManifest.xml:20:5-43
MERGED from [com.android.support:support-v4:22.2.0] AndroidManifest.xml:20:5-43
	android:targetSdkVersion
		INJECTED from src/main/AndroidManifest.xml
		INJECTED from src/main/AndroidManifest.xml
	android:minSdkVersion
		ADDED from src/main/AndroidManifest.xml:7:15-40
		INJECTED from src/main/AndroidManifest.xml
		INJECTED from src/main/AndroidManifest.xml
supports-screens
ADDED from src/main/AndroidManifest.xml:9:5-15:24
	android:resizeable
		ADDED from src/main/AndroidManifest.xml:13:9-34
	android:largeScreens
		ADDED from src/main/AndroidManifest.xml:11:9-36
	android:anyDensity
		ADDED from src/main/AndroidManifest.xml:10:9-34
	android:normalScreens
		ADDED from src/main/AndroidManifest.xml:12:9-37
	android:smallScreens
		ADDED from src/main/AndroidManifest.xml:14:9-36
application
ADDED from src/main/AndroidManifest.xml:17:5-47:19
MERGED from [com.android.support:appcompat-v7:19.1.0] AndroidManifest.xml:19:5-20
MERGED from [com.android.support:support-v4:22.2.0] AndroidManifest.xml:22:5-20
MERGED from [com.android.support:support-v4:22.2.0] AndroidManifest.xml:22:5-20
	android:label
		ADDED from src/main/AndroidManifest.xml:19:9-30
	android:icon
		ADDED from src/main/AndroidManifest.xml:18:9-38
service#com.googlecode.openwnn.legacy.OpenWnnZHCN
ADDED from src/main/AndroidManifest.xml:21:9-33:19
	android:label
		ADDED from src/main/AndroidManifest.xml:24:13-30
	android:permission
		ADDED from src/main/AndroidManifest.xml:25:13-70
	android:name
		ADDED from src/main/AndroidManifest.xml:23:13-69
	android:id
		ADDED from src/main/AndroidManifest.xml:22:13-46
intent-filter#android.view.InputMethod
ADDED from src/main/AndroidManifest.xml:26:13-28:29
action#android.view.InputMethod
ADDED from src/main/AndroidManifest.xml:27:17-66
	android:name
		ADDED from src/main/AndroidManifest.xml:27:25-64
meta-data#android.view.im
ADDED from src/main/AndroidManifest.xml:30:13-32:54
	android:resource
		ADDED from src/main/AndroidManifest.xml:32:17-52
	android:name
		ADDED from src/main/AndroidManifest.xml:31:17-47
activity#com.googlecode.openwnn.legacy.ZH.CN.UserDictionaryToolsListZHCN
ADDED from src/main/AndroidManifest.xml:35:9-99
	android:name
		ADDED from src/main/AndroidManifest.xml:35:19-97
activity#com.googlecode.openwnn.legacy.ZH.CN.UserDictionaryToolsEditZHCN
ADDED from src/main/AndroidManifest.xml:36:9-38:35
	android:label
		ADDED from src/main/AndroidManifest.xml:38:13-33
	android:name
		ADDED from src/main/AndroidManifest.xml:37:13-91
activity#com.googlecode.openwnn.legacy.CLOUDSONG.InputViewActivity
ADDED from src/main/AndroidManifest.xml:39:9-46:20
	android:theme
		ADDED from src/main/AndroidManifest.xml:40:13-51
	android:name
		ADDED from src/main/AndroidManifest.xml:39:19-91
intent-filter#android.intent.action.MAIN+android.intent.category.LAUNCHER
ADDED from src/main/AndroidManifest.xml:41:13-45:29
action#android.intent.action.MAIN
ADDED from src/main/AndroidManifest.xml:42:17-68
	android:name
		ADDED from src/main/AndroidManifest.xml:42:25-66
category#android.intent.category.LAUNCHER
ADDED from src/main/AndroidManifest.xml:44:17-76
	android:name
		ADDED from src/main/AndroidManifest.xml:44:27-74